 ******* Program HYDRUS
 ******* 
 Welcome to HYDRUS-1D                                                    
 Date:  16.10.2025    Time:  10:45:57
 Units: L = cm   , T = hours, M = mmol 

----------------------------------------------------------
 Time       [T]        0.0000
----------------------------------------------------------
 Sub-region num.                     1
----------------------------------------------------------
 Length   [L]        0.25000E+02  0.25000E+02
 W-volume [L]        0.29382E+01  0.29382E+01
 In-flow  [L/T]      0.00000E+00  0.00000E+00
 h Mean   [L]       -0.10000E+03 -0.10000E+03
 Top Flux [L/T]     -0.47294E-03
 Bot Flux [L/T]     -0.47294E-03
----------------------------------------------------------

----------------------------------------------------------
 Time       [T]     2256.0000
----------------------------------------------------------
 Sub-region num.                     1
----------------------------------------------------------
 Length   [L]        0.25000E+02  0.25000E+02
 W-volume [L]        0.30622E+01  0.30622E+01
 In-flow  [L/T]     -0.25487E-02 -0.25487E-02
 h Mean   [L]       -0.86094E+02 -0.86094E+02
 Top Flux [L/T]      0.77216E-05
 Bot Flux [L/T]     -0.23801E-02
 WatBalT  [L]       -0.37822E+00
 WatBalR  [%]              0.299
----------------------------------------------------------
 
 Calculation time [sec]   1.12000000104308     
