 ******* Program HYDRUS
 ******* 
 Welcome to HYDRUS-1D                                                    
 Date:  16.10.2025    Time:  10:45:53
 Units: L = cm   , T = hours, M = mmol 

----------------------------------------------------------
 Time       [T]        0.0000
----------------------------------------------------------
 Sub-region num.                     1
----------------------------------------------------------
 Length   [L]        0.25000E+02  0.25000E+02
 W-volume [L]        0.29382E+01  0.29382E+01
 In-flow  [L/T]      0.00000E+00  0.00000E+00
 h Mean   [L]       -0.10000E+03 -0.10000E+03
 Top Flux [L/T]     -0.47294E-03
 Bot Flux [L/T]     -0.47294E-03
----------------------------------------------------------

----------------------------------------------------------
 Time       [T]     2256.0000
----------------------------------------------------------
 Sub-region num.                     1
----------------------------------------------------------
 Length   [L]        0.25000E+02  0.25000E+02
 W-volume [L]        0.30797E+01  0.30797E+01
 In-flow  [L/T]     -0.26200E-02 -0.26200E-02
 h Mean   [L]       -0.83548E+02 -0.83548E+02
 Top Flux [L/T]      0.51844E-04
 Bot Flux [L/T]     -0.25125E-02
 WatBalT  [L]       -0.10012E+00
 WatBalR  [%]              0.105
----------------------------------------------------------
 
 Calculation time [sec]  0.879999995231628     
